C:\Program Files\Microsoft Visual Studio\2022\Community\MSBuild\Microsoft\VC\v170\Microsoft.CppBuild.targets(502,5): warning MSB8004: Intermediate Directory does not end with a trailing slash.  This build instance will add the slash as it is required to allow proper evaluation of the Intermediate Directory.
  EndScene.cpp
  C:\Program Files (x86)\Microsoft DirectX SDK (June 2010)\Include\dinput.h: DIRECTINPUT_VERSION undefined. Defaulting to version 0x0800
\\Mac\Home\Documents\game\MyFrameWork\Game\GameGlobal.h(196,2): warning C4091: 'extern ': ignored on left of 'Tag' when no variable is declared
\\Mac\Home\Documents\game\MyFrameWork\Game\GameGlobal.h(225,2): warning C4091: 'extern ': ignored on left of 'Type' when no variable is declared
\\Mac\Home\Documents\game\MyFrameWork\Game\GameGlobal.h(245,2): warning C4091: 'extern ': ignored on left of 'State' when no variable is declared
\\Mac\Home\Documents\game\MyFrameWork\Game\PlayerSprite.h(17,60): warning C4244: 'argument': conversion from 'int' to 'FLOAT', possible loss of data
\\Mac\Home\Documents\game\MyFrameWork\Game\PlayerSprite.h(17,39): warning C4244: 'argument': conversion from 'int' to 'FLOAT', possible loss of data
\\Mac\Home\Documents\game\MyFrameWork\Game\WeaponSprite.h(16,60): warning C4244: 'argument': conversion from 'int' to 'FLOAT', possible loss of data
\\Mac\Home\Documents\game\MyFrameWork\Game\WeaponSprite.h(16,39): warning C4244: 'argument': conversion from 'int' to 'FLOAT', possible loss of data
\\Mac\Home\Documents\game\MyFrameWork\Game\HolderSprite.h(20,60): warning C4244: 'argument': conversion from 'int' to 'FLOAT', possible loss of data
\\Mac\Home\Documents\game\MyFrameWork\Game\HolderSprite.h(20,39): warning C4244: 'argument': conversion from 'int' to 'FLOAT', possible loss of data
\\Mac\Home\Documents\game\MyFrameWork\Game\ItemSprite.h(19,60): warning C4244: 'argument': conversion from 'int' to 'FLOAT', possible loss of data
\\Mac\Home\Documents\game\MyFrameWork\Game\ItemSprite.h(19,39): warning C4244: 'argument': conversion from 'int' to 'FLOAT', possible loss of data
\\Mac\Home\Documents\game\MyFrameWork\Game\BulletSprite.h(20,60): warning C4244: 'argument': conversion from 'int' to 'FLOAT', possible loss of data
\\Mac\Home\Documents\game\MyFrameWork\Game\BulletSprite.h(20,39): warning C4244: 'argument': conversion from 'int' to 'FLOAT', possible loss of data
\\Mac\Home\Documents\game\MyFrameWork\Game\Item.h(29,21): warning C4244: '=': conversion from 'int' to 'float', possible loss of data
\\Mac\Home\Documents\game\MyFrameWork\Game\Item.h(30,22): warning C4244: '=': conversion from 'int' to 'float', possible loss of data
\\Mac\Home\Documents\game\MyFrameWork\Game\Enemy.h(98,69): warning C4244: 'argument': conversion from 'int' to 'float', possible loss of data
\\Mac\Home\Documents\game\MyFrameWork\Game\Enemy.h(98,62): warning C4244: 'argument': conversion from 'int' to 'float', possible loss of data
  Game.cpp
  C:\Program Files (x86)\Microsoft DirectX SDK (June 2010)\Include\dinput.h: DIRECTINPUT_VERSION undefined. Defaulting to version 0x0800
\\Mac\Home\Documents\game\MyFrameWork\Game\GameGlobal.h(196,2): warning C4091: 'extern ': ignored on left of 'Tag' when no variable is declared
\\Mac\Home\Documents\game\MyFrameWork\Game\GameGlobal.h(225,2): warning C4091: 'extern ': ignored on left of 'Type' when no variable is declared
\\Mac\Home\Documents\game\MyFrameWork\Game\GameGlobal.h(245,2): warning C4091: 'extern ': ignored on left of 'State' when no variable is declared
\\Mac\Home\Documents\game\MyFrameWork\Game\PlayerSprite.h(17,60): warning C4244: 'argument': conversion from 'int' to 'FLOAT', possible loss of data
\\Mac\Home\Documents\game\MyFrameWork\Game\PlayerSprite.h(17,39): warning C4244: 'argument': conversion from 'int' to 'FLOAT', possible loss of data
\\Mac\Home\Documents\game\MyFrameWork\Game\WeaponSprite.h(16,60): warning C4244: 'argument': conversion from 'int' to 'FLOAT', possible loss of data
\\Mac\Home\Documents\game\MyFrameWork\Game\WeaponSprite.h(16,39): warning C4244: 'argument': conversion from 'int' to 'FLOAT', possible loss of data
\\Mac\Home\Documents\game\MyFrameWork\Game\HolderSprite.h(20,60): warning C4244: 'argument': conversion from 'int' to 'FLOAT', possible loss of data
\\Mac\Home\Documents\game\MyFrameWork\Game\HolderSprite.h(20,39): warning C4244: 'argument': conversion from 'int' to 'FLOAT', possible loss of data
\\Mac\Home\Documents\game\MyFrameWork\Game\ItemSprite.h(19,60): warning C4244: 'argument': conversion from 'int' to 'FLOAT', possible loss of data
\\Mac\Home\Documents\game\MyFrameWork\Game\ItemSprite.h(19,39): warning C4244: 'argument': conversion from 'int' to 'FLOAT', possible loss of data
\\Mac\Home\Documents\game\MyFrameWork\Game\BulletSprite.h(20,60): warning C4244: 'argument': conversion from 'int' to 'FLOAT', possible loss of data
\\Mac\Home\Documents\game\MyFrameWork\Game\BulletSprite.h(20,39): warning C4244: 'argument': conversion from 'int' to 'FLOAT', possible loss of data
\\Mac\Home\Documents\game\MyFrameWork\Game\Item.h(29,21): warning C4244: '=': conversion from 'int' to 'float', possible loss of data
\\Mac\Home\Documents\game\MyFrameWork\Game\Item.h(30,22): warning C4244: '=': conversion from 'int' to 'float', possible loss of data
\\Mac\Home\Documents\game\MyFrameWork\Game\Enemy.h(98,69): warning C4244: 'argument': conversion from 'int' to 'float', possible loss of data
\\Mac\Home\Documents\game\MyFrameWork\Game\Enemy.h(98,62): warning C4244: 'argument': conversion from 'int' to 'float', possible loss of data
\\Mac\Home\Documents\game\MyFrameWork\Game\Game.cpp(126,10): warning C4018: '>=': signed/unsigned mismatch
\\Mac\Home\Documents\game\MyFrameWork\Game\Game.cpp(144,12): warning C4244: 'argument': conversion from 'unsigned long' to 'float', possible loss of data
  IntroScene.cpp
  C:\Program Files (x86)\Microsoft DirectX SDK (June 2010)\Include\dinput.h: DIRECTINPUT_VERSION undefined. Defaulting to version 0x0800
\\Mac\Home\Documents\game\MyFrameWork\Game\GameGlobal.h(196,2): warning C4091: 'extern ': ignored on left of 'Tag' when no variable is declared
\\Mac\Home\Documents\game\MyFrameWork\Game\GameGlobal.h(225,2): warning C4091: 'extern ': ignored on left of 'Type' when no variable is declared
\\Mac\Home\Documents\game\MyFrameWork\Game\GameGlobal.h(245,2): warning C4091: 'extern ': ignored on left of 'State' when no variable is declared
\\Mac\Home\Documents\game\MyFrameWork\Game\PlayerSprite.h(17,60): warning C4244: 'argument': conversion from 'int' to 'FLOAT', possible loss of data
\\Mac\Home\Documents\game\MyFrameWork\Game\PlayerSprite.h(17,39): warning C4244: 'argument': conversion from 'int' to 'FLOAT', possible loss of data
\\Mac\Home\Documents\game\MyFrameWork\Game\WeaponSprite.h(16,60): warning C4244: 'argument': conversion from 'int' to 'FLOAT', possible loss of data
\\Mac\Home\Documents\game\MyFrameWork\Game\WeaponSprite.h(16,39): warning C4244: 'argument': conversion from 'int' to 'FLOAT', possible loss of data
\\Mac\Home\Documents\game\MyFrameWork\Game\HolderSprite.h(20,60): warning C4244: 'argument': conversion from 'int' to 'FLOAT', possible loss of data
\\Mac\Home\Documents\game\MyFrameWork\Game\HolderSprite.h(20,39): warning C4244: 'argument': conversion from 'int' to 'FLOAT', possible loss of data
\\Mac\Home\Documents\game\MyFrameWork\Game\ItemSprite.h(19,60): warning C4244: 'argument': conversion from 'int' to 'FLOAT', possible loss of data
\\Mac\Home\Documents\game\MyFrameWork\Game\ItemSprite.h(19,39): warning C4244: 'argument': conversion from 'int' to 'FLOAT', possible loss of data
\\Mac\Home\Documents\game\MyFrameWork\Game\BulletSprite.h(20,60): warning C4244: 'argument': conversion from 'int' to 'FLOAT', possible loss of data
\\Mac\Home\Documents\game\MyFrameWork\Game\BulletSprite.h(20,39): warning C4244: 'argument': conversion from 'int' to 'FLOAT', possible loss of data
\\Mac\Home\Documents\game\MyFrameWork\Game\Item.h(29,21): warning C4244: '=': conversion from 'int' to 'float', possible loss of data
\\Mac\Home\Documents\game\MyFrameWork\Game\Item.h(30,22): warning C4244: '=': conversion from 'int' to 'float', possible loss of data
\\Mac\Home\Documents\game\MyFrameWork\Game\Enemy.h(98,69): warning C4244: 'argument': conversion from 'int' to 'float', possible loss of data
\\Mac\Home\Documents\game\MyFrameWork\Game\Enemy.h(98,62): warning C4244: 'argument': conversion from 'int' to 'float', possible loss of data
\\Mac\Home\Documents\game\MyFrameWork\Game\IntroScene.cpp(8,10): warning C4305: '=': truncation from 'double' to 'float'
  PlayScene.cpp
  C:\Program Files (x86)\Microsoft DirectX SDK (June 2010)\Include\dinput.h: DIRECTINPUT_VERSION undefined. Defaulting to version 0x0800
\\Mac\Home\Documents\game\MyFrameWork\Game\GameGlobal.h(196,2): warning C4091: 'extern ': ignored on left of 'Tag' when no variable is declared
\\Mac\Home\Documents\game\MyFrameWork\Game\GameGlobal.h(225,2): warning C4091: 'extern ': ignored on left of 'Type' when no variable is declared
\\Mac\Home\Documents\game\MyFrameWork\Game\GameGlobal.h(245,2): warning C4091: 'extern ': ignored on left of 'State' when no variable is declared
\\Mac\Home\Documents\game\MyFrameWork\Game\PlayerSprite.h(17,60): warning C4244: 'argument': conversion from 'int' to 'FLOAT', possible loss of data
\\Mac\Home\Documents\game\MyFrameWork\Game\PlayerSprite.h(17,39): warning C4244: 'argument': conversion from 'int' to 'FLOAT', possible loss of data
\\Mac\Home\Documents\game\MyFrameWork\Game\WeaponSprite.h(16,60): warning C4244: 'argument': conversion from 'int' to 'FLOAT', possible loss of data
\\Mac\Home\Documents\game\MyFrameWork\Game\WeaponSprite.h(16,39): warning C4244: 'argument': conversion from 'int' to 'FLOAT', possible loss of data
\\Mac\Home\Documents\game\MyFrameWork\Game\HolderSprite.h(20,60): warning C4244: 'argument': conversion from 'int' to 'FLOAT', possible loss of data
\\Mac\Home\Documents\game\MyFrameWork\Game\HolderSprite.h(20,39): warning C4244: 'argument': conversion from 'int' to 'FLOAT', possible loss of data
\\Mac\Home\Documents\game\MyFrameWork\Game\ItemSprite.h(19,60): warning C4244: 'argument': conversion from 'int' to 'FLOAT', possible loss of data
\\Mac\Home\Documents\game\MyFrameWork\Game\ItemSprite.h(19,39): warning C4244: 'argument': conversion from 'int' to 'FLOAT', possible loss of data
\\Mac\Home\Documents\game\MyFrameWork\Game\BulletSprite.h(20,60): warning C4244: 'argument': conversion from 'int' to 'FLOAT', possible loss of data
\\Mac\Home\Documents\game\MyFrameWork\Game\BulletSprite.h(20,39): warning C4244: 'argument': conversion from 'int' to 'FLOAT', possible loss of data
\\Mac\Home\Documents\game\MyFrameWork\Game\Item.h(29,21): warning C4244: '=': conversion from 'int' to 'float', possible loss of data
\\Mac\Home\Documents\game\MyFrameWork\Game\Item.h(30,22): warning C4244: '=': conversion from 'int' to 'float', possible loss of data
\\Mac\Home\Documents\game\MyFrameWork\Game\Enemy.h(98,69): warning C4244: 'argument': conversion from 'int' to 'float', possible loss of data
\\Mac\Home\Documents\game\MyFrameWork\Game\Enemy.h(98,62): warning C4244: 'argument': conversion from 'int' to 'float', possible loss of data
\\Mac\Home\Documents\game\MyFrameWork\Game\PlayScene.cpp(116,24): warning C4244: '-=': conversion from 'float' to 'int', possible loss of data
  main.cpp
  C:\Program Files (x86)\Microsoft DirectX SDK (June 2010)\Include\dinput.h: DIRECTINPUT_VERSION undefined. Defaulting to version 0x0800
\\Mac\Home\Documents\game\MyFrameWork\Game\GameGlobal.h(196,2): warning C4091: 'extern ': ignored on left of 'Tag' when no variable is declared
\\Mac\Home\Documents\game\MyFrameWork\Game\GameGlobal.h(225,2): warning C4091: 'extern ': ignored on left of 'Type' when no variable is declared
\\Mac\Home\Documents\game\MyFrameWork\Game\GameGlobal.h(245,2): warning C4091: 'extern ': ignored on left of 'State' when no variable is declared
\\Mac\Home\Documents\game\MyFrameWork\Game\PlayerSprite.h(17,60): warning C4244: 'argument': conversion from 'int' to 'FLOAT', possible loss of data
\\Mac\Home\Documents\game\MyFrameWork\Game\PlayerSprite.h(17,39): warning C4244: 'argument': conversion from 'int' to 'FLOAT', possible loss of data
\\Mac\Home\Documents\game\MyFrameWork\Game\WeaponSprite.h(16,60): warning C4244: 'argument': conversion from 'int' to 'FLOAT', possible loss of data
\\Mac\Home\Documents\game\MyFrameWork\Game\WeaponSprite.h(16,39): warning C4244: 'argument': conversion from 'int' to 'FLOAT', possible loss of data
\\Mac\Home\Documents\game\MyFrameWork\Game\HolderSprite.h(20,60): warning C4244: 'argument': conversion from 'int' to 'FLOAT', possible loss of data
\\Mac\Home\Documents\game\MyFrameWork\Game\HolderSprite.h(20,39): warning C4244: 'argument': conversion from 'int' to 'FLOAT', possible loss of data
\\Mac\Home\Documents\game\MyFrameWork\Game\ItemSprite.h(19,60): warning C4244: 'argument': conversion from 'int' to 'FLOAT', possible loss of data
\\Mac\Home\Documents\game\MyFrameWork\Game\ItemSprite.h(19,39): warning C4244: 'argument': conversion from 'int' to 'FLOAT', possible loss of data
\\Mac\Home\Documents\game\MyFrameWork\Game\BulletSprite.h(20,60): warning C4244: 'argument': conversion from 'int' to 'FLOAT', possible loss of data
\\Mac\Home\Documents\game\MyFrameWork\Game\BulletSprite.h(20,39): warning C4244: 'argument': conversion from 'int' to 'FLOAT', possible loss of data
\\Mac\Home\Documents\game\MyFrameWork\Game\Item.h(29,21): warning C4244: '=': conversion from 'int' to 'float', possible loss of data
\\Mac\Home\Documents\game\MyFrameWork\Game\Item.h(30,22): warning C4244: '=': conversion from 'int' to 'float', possible loss of data
\\Mac\Home\Documents\game\MyFrameWork\Game\Enemy.h(98,69): warning C4244: 'argument': conversion from 'int' to 'float', possible loss of data
\\Mac\Home\Documents\game\MyFrameWork\Game\Enemy.h(98,62): warning C4244: 'argument': conversion from 'int' to 'float', possible loss of data
  Generating Code...
\\Mac\Home\Documents\game\MyFrameWork\Game\BulletFactory.h(19): warning C4715: 'BulletFactory::CreateBullet': not all control paths return a value
  Game.vcxproj -> \\Mac\Home\Documents\game\MyFrameWork\Debug\Game.exe
