\\mac\home\documents\game\myframework\debug\game.pdb
\\mac\home\documents\game\myframework\game\debug\game\vc143.pdb
\\mac\home\documents\game\myframework\game\debug\game\grid.obj
\\mac\home\documents\game\myframework\game\debug\game\playerattackingstate.obj
\\mac\home\documents\game\myframework\game\debug\game\sound.obj
\\mac\home\documents\game\myframework\game\debug\game\scenemanager.obj
\\mac\home\documents\game\myframework\game\debug\game\enemysprite.obj
\\mac\home\documents\game\myframework\game\debug\game\playerclimbingstate.obj
\\mac\home\documents\game\myframework\game\debug\game\enemybazokaman.obj
\\mac\home\documents\game\myframework\game\debug\game\map.obj
\\mac\home\documents\game\myframework\game\debug\game\playerjumpingstate.obj
\\mac\home\documents\game\myframework\game\debug\game\animation.obj
\\mac\home\documents\game\myframework\game\debug\game\enemypanther.obj
\\mac\home\documents\game\myframework\game\debug\game\enemygunman.obj
\\mac\home\documents\game\myframework\game\debug\game\game.obj
\\mac\home\documents\game\myframework\game\debug\game\enemyboss.obj
\\mac\home\documents\game\myframework\game\debug\game\playersittingstate.obj
\\mac\home\documents\game\myframework\game\debug\game\weaponblueshuriken.obj
\\mac\home\documents\game\myframework\game\debug\game\endscene.obj
\\mac\home\documents\game\myframework\game\debug\game\playerstandingstate.obj
\\mac\home\documents\game\myframework\game\debug\game\main.obj
\\mac\home\documents\game\myframework\game\debug\game\weaponredshuriken.obj
\\mac\home\documents\game\myframework\game\debug\game\collision.obj
\\mac\home\documents\game\myframework\game\debug\game\playscene.obj
\\mac\home\documents\game\myframework\game\debug\game\enemyrunman.obj
\\mac\home\documents\game\myframework\game\debug\game\gameglobal.obj
\\mac\home\documents\game\myframework\game\debug\game\fontsprite.obj
\\mac\home\documents\game\myframework\game\debug\game\enemyeagle.obj
\\mac\home\documents\game\myframework\game\debug\game\enemycloakman.obj
\\mac\home\documents\game\myframework\game\debug\game\camera.obj
\\mac\home\documents\game\myframework\game\debug\game\playerinjuredstate.obj
\\mac\home\documents\game\myframework\game\debug\game\player.obj
\\mac\home\documents\game\myframework\game\debug\game\enemyswordman.obj
\\mac\home\documents\game\myframework\game\debug\game\texturefactory.obj
\\mac\home\documents\game\myframework\game\debug\game\mapfactory.obj
\\mac\home\documents\game\myframework\game\debug\game\spritefactory.obj
\\mac\home\documents\game\myframework\game\debug\game\playerfallingstate.obj
\\mac\home\documents\game\myframework\game\debug\game\playerclingingstate.obj
\\mac\home\documents\game\myframework\game\debug\game\introscene.obj
\\mac\home\documents\game\myframework\game\debug\game\scoreboard.obj
\\mac\home\documents\game\myframework\game\debug\game\object.obj
\\mac\home\documents\game\myframework\game\debug\game\sprite.obj
\\mac\home\documents\game\myframework\game\debug\game\cell.obj
\\mac\home\documents\game\myframework\game\debug\game\playerrunningstate.obj
\\mac\home\documents\game\myframework\game\debug\game\game.ilk
\\mac\home\documents\game\myframework\game\debug\game\vc143.idb
\\mac\home\documents\game\myframework\debug\game.exe
\\mac\home\documents\game\myframework\game\debug\game\game.tlog\link.read.1.tlog
\\mac\home\documents\game\myframework\game\debug\game\game.tlog\link.command.1.tlog
\\mac\home\documents\game\myframework\game\debug\game\game.tlog\link.write.1.tlog
\\mac\home\documents\game\myframework\game\debug\game\game.tlog\cl.command.1.tlog
\\mac\home\documents\game\myframework\game\debug\game\game.tlog\cl.write.1.tlog
