  base64.cpp
\\Mac\Home\Documents\game\game\game\base64.cpp(69,61): warning C4267: '=': conversion from 'size_t' to 'unsigned char', possible loss of data
\\Mac\Home\Documents\game\game\game\base64.cpp(86,59): warning C4267: '=': conversion from 'size_t' to 'unsigned char', possible loss of data
  BitMapFont.cpp
  Game.cpp
\\Mac\Home\Documents\game\game\game\Camera.h(91,43): warning C4244: 'argument': conversion from 'int' to 'T', possible loss of data
          with
          [
              T=float
          ]
\\Mac\Home\Documents\game\game\game\Camera.h(91,30): warning C4244: 'argument': conversion from 'int' to 'T', possible loss of data
          with
          [
              T=float
          ]
\\Mac\Home\Documents\game\game\game\QuadTree.h(193,21): warning C4018: '<': signed/unsigned mismatch
\\Mac\Home\Documents\game\game\game\QuadTree.h(321,21): warning C4018: '<': signed/unsigned mismatch
\\Mac\Home\Documents\game\game\game\QuadTree.h(447,21): warning C4018: '<': signed/unsigned mismatch
\\Mac\Home\Documents\game\game\game\Sprite.h(52,21): warning C4018: '<': signed/unsigned mismatch
\\Mac\Home\Documents\game\game\game\Sprite.h(60,21): warning C4018: '<': signed/unsigned mismatch
\\Mac\Home\Documents\game\game\game\Map.h(13,10): fatal  error C1083: Cannot open include file: 'EnermyCreator.h': No such file or directory
  Graphics.cpp
\\Mac\Home\Documents\game\game\game\Graphics.cpp(150,18): warning C4244: '=': conversion from 'T' to 'LONG', possible loss of data
          with
          [
              T=float
          ]
\\Mac\Home\Documents\game\game\game\Graphics.cpp(151,17): warning C4244: '=': conversion from 'T' to 'LONG', possible loss of data
          with
          [
              T=float
          ]
\\Mac\Home\Documents\game\game\game\Graphics.cpp(152,19): warning C4244: '=': conversion from 'T' to 'LONG', possible loss of data
          with
          [
              T=float
          ]
\\Mac\Home\Documents\game\game\game\Graphics.cpp(153,19): warning C4244: '=': conversion from 'T' to 'LONG', possible loss of data
          with
          [
              T=float
          ]
\\Mac\Home\Documents\game\game\game\Graphics.cpp(157,43): warning C4244: 'argument': conversion from 'int' to 'FLOAT', possible loss of data
\\Mac\Home\Documents\game\game\game\Graphics.cpp(157,28): warning C4244: 'argument': conversion from 'int' to 'FLOAT', possible loss of data
\\Mac\Home\Documents\game\game\game\Graphics.cpp(161,19): warning C4244: 'argument': conversion from 'int' to 'FLOAT', possible loss of data
\\Mac\Home\Documents\game\game\game\Graphics.cpp(161,16): warning C4244: 'argument': conversion from 'int' to 'FLOAT', possible loss of data
\\Mac\Home\Documents\game\game\game\Graphics.cpp(164,34): warning C4244: 'argument': conversion from 'int' to 'FLOAT', possible loss of data
\\Mac\Home\Documents\game\game\game\Graphics.cpp(164,18): warning C4244: 'argument': conversion from 'int' to 'FLOAT', possible loss of data
\\Mac\Home\Documents\game\game\game\Graphics.cpp(164,3): error C2102: '&' requires l-value
\\Mac\Home\Documents\game\game\game\Graphics.cpp(163,3): error C2102: '&' requires l-value
\\Mac\Home\Documents\game\game\game\Graphics.cpp(161,3): error C2102: '&' requires l-value
\\Mac\Home\Documents\game\game\game\Graphics.cpp(179,21): warning C4244: '=': conversion from 'T' to 'LONG', possible loss of data
          with
          [
              T=float
          ]
\\Mac\Home\Documents\game\game\game\Graphics.cpp(180,20): warning C4244: '=': conversion from 'T' to 'LONG', possible loss of data
          with
          [
              T=float
          ]
\\Mac\Home\Documents\game\game\game\Graphics.cpp(181,19): warning C4244: '=': conversion from 'T' to 'LONG', possible loss of data
          with
          [
              T=float
          ]
\\Mac\Home\Documents\game\game\game\Graphics.cpp(182,19): warning C4244: '=': conversion from 'T' to 'LONG', possible loss of data
          with
          [
              T=float
          ]
\\Mac\Home\Documents\game\game\game\Graphics.cpp(184,26): warning C4244: 'argument': conversion from 'int' to 'FLOAT', possible loss of data
\\Mac\Home\Documents\game\game\game\Graphics.cpp(184,23): warning C4244: 'argument': conversion from 'int' to 'FLOAT', possible loss of data
\\Mac\Home\Documents\game\game\game\Graphics.cpp(186,43): warning C4244: 'argument': conversion from 'int' to 'FLOAT', possible loss of data
\\Mac\Home\Documents\game\game\game\Graphics.cpp(186,28): warning C4244: 'argument': conversion from 'int' to 'FLOAT', possible loss of data
\\Mac\Home\Documents\game\game\game\Graphics.cpp(193,34): warning C4244: 'argument': conversion from 'int' to 'FLOAT', possible loss of data
\\Mac\Home\Documents\game\game\game\Graphics.cpp(193,18): warning C4244: 'argument': conversion from 'int' to 'FLOAT', possible loss of data
\\Mac\Home\Documents\game\game\game\Graphics.cpp(193,3): error C2102: '&' requires l-value
\\Mac\Home\Documents\game\game\game\Graphics.cpp(192,3): error C2102: '&' requires l-value
\\Mac\Home\Documents\game\game\game\Graphics.cpp(218,20): warning C4244: '=': conversion from 'T' to 'LONG', possible loss of data
          with
          [
              T=float
          ]
\\Mac\Home\Documents\game\game\game\Graphics.cpp(219,19): warning C4244: '=': conversion from 'T' to 'LONG', possible loss of data
          with
          [
              T=float
          ]
\\Mac\Home\Documents\game\game\game\Graphics.cpp(228,19): warning C4244: '=': conversion from 'T' to 'LONG', possible loss of data
          with
          [
              T=float
          ]
\\Mac\Home\Documents\game\game\game\Graphics.cpp(230,20): warning C4244: '=': conversion from 'T' to 'LONG', possible loss of data
          with
          [
              T=float
          ]
\\Mac\Home\Documents\game\game\game\Graphics.cpp(231,20): warning C4244: '=': conversion from 'T' to 'LONG', possible loss of data
          with
          [
              T=float
          ]
\\Mac\Home\Documents\game\game\game\Graphics.cpp(236,43): warning C4244: 'argument': conversion from 'int' to 'FLOAT', possible loss of data
\\Mac\Home\Documents\game\game\game\Graphics.cpp(236,28): warning C4244: 'argument': conversion from 'int' to 'FLOAT', possible loss of data
\\Mac\Home\Documents\game\game\game\Graphics.cpp(240,57): warning C4244: 'argument': conversion from 'int' to 'FLOAT', possible loss of data
\\Mac\Home\Documents\game\game\game\Graphics.cpp(243,34): warning C4244: 'argument': conversion from 'int' to 'FLOAT', possible loss of data
\\Mac\Home\Documents\game\game\game\Graphics.cpp(243,18): warning C4244: 'argument': conversion from 'int' to 'FLOAT', possible loss of data
\\Mac\Home\Documents\game\game\game\Graphics.cpp(243,3): error C2102: '&' requires l-value
\\Mac\Home\Documents\game\game\game\Graphics.cpp(242,3): error C2102: '&' requires l-value
\\Mac\Home\Documents\game\game\game\Graphics.cpp(240,3): error C2102: '&' requires l-value
\\Mac\Home\Documents\game\game\game\Graphics.cpp(269,23): warning C4244: '=': conversion from 'T' to 'LONG', possible loss of data
          with
          [
              T=float
          ]
\\Mac\Home\Documents\game\game\game\Graphics.cpp(270,22): warning C4244: '=': conversion from 'T' to 'LONG', possible loss of data
          with
          [
              T=float
          ]
\\Mac\Home\Documents\game\game\game\Graphics.cpp(271,20): warning C4244: '=': conversion from 'T' to 'LONG', possible loss of data
          with
          [
              T=float
          ]
\\Mac\Home\Documents\game\game\game\Graphics.cpp(272,20): warning C4244: '=': conversion from 'T' to 'LONG', possible loss of data
          with
          [
              T=float
          ]
\\Mac\Home\Documents\game\game\game\Graphics.cpp(276,43): warning C4244: 'argument': conversion from 'int' to 'FLOAT', possible loss of data
\\Mac\Home\Documents\game\game\game\Graphics.cpp(276,28): warning C4244: 'argument': conversion from 'int' to 'FLOAT', possible loss of data
\\Mac\Home\Documents\game\game\game\Graphics.cpp(280,19): warning C4244: 'argument': conversion from 'int' to 'FLOAT', possible loss of data
\\Mac\Home\Documents\game\game\game\Graphics.cpp(280,16): warning C4244: 'argument': conversion from 'int' to 'FLOAT', possible loss of data
\\Mac\Home\Documents\game\game\game\Graphics.cpp(283,34): warning C4244: 'argument': conversion from 'int' to 'FLOAT', possible loss of data
\\Mac\Home\Documents\game\game\game\Graphics.cpp(283,18): warning C4244: 'argument': conversion from 'int' to 'FLOAT', possible loss of data
\\Mac\Home\Documents\game\game\game\Graphics.cpp(283,3): error C2102: '&' requires l-value
\\Mac\Home\Documents\game\game\game\Graphics.cpp(282,3): error C2102: '&' requires l-value
\\Mac\Home\Documents\game\game\game\Graphics.cpp(280,3): error C2102: '&' requires l-value
\\Mac\Home\Documents\game\game\game\Graphics.cpp(289,50): warning C4244: 'argument': conversion from 'LONG' to 'FLOAT', possible loss of data
\\Mac\Home\Documents\game\game\game\Graphics.cpp(289,34): warning C4244: 'argument': conversion from 'LONG' to 'FLOAT', possible loss of data
\\Mac\Home\Documents\game\game\game\Graphics.cpp(303,22): warning C4244: '=': conversion from 'T' to 'LONG', possible loss of data
          with
          [
              T=float
          ]
\\Mac\Home\Documents\game\game\game\Graphics.cpp(304,21): warning C4244: '=': conversion from 'T' to 'LONG', possible loss of data
          with
          [
              T=float
          ]
\\Mac\Home\Documents\game\game\game\Graphics.cpp(305,19): warning C4244: '=': conversion from 'T' to 'LONG', possible loss of data
          with
          [
              T=float
          ]
\\Mac\Home\Documents\game\game\game\Graphics.cpp(306,19): warning C4244: '=': conversion from 'T' to 'LONG', possible loss of data
          with
          [
              T=float
          ]
\\Mac\Home\Documents\game\game\game\Graphics.cpp(309,43): warning C4244: 'argument': conversion from 'int' to 'FLOAT', possible loss of data
\\Mac\Home\Documents\game\game\game\Graphics.cpp(309,28): warning C4244: 'argument': conversion from 'int' to 'FLOAT', possible loss of data
\\Mac\Home\Documents\game\game\game\Graphics.cpp(313,19): warning C4244: 'argument': conversion from 'int' to 'FLOAT', possible loss of data
\\Mac\Home\Documents\game\game\game\Graphics.cpp(313,16): warning C4244: 'argument': conversion from 'int' to 'FLOAT', possible loss of data
\\Mac\Home\Documents\game\game\game\Graphics.cpp(316,34): warning C4244: 'argument': conversion from 'int' to 'FLOAT', possible loss of data
\\Mac\Home\Documents\game\game\game\Graphics.cpp(316,18): warning C4244: 'argument': conversion from 'int' to 'FLOAT', possible loss of data
\\Mac\Home\Documents\game\game\game\Graphics.cpp(316,3): error C2102: '&' requires l-value
\\Mac\Home\Documents\game\game\game\Graphics.cpp(315,3): error C2102: '&' requires l-value
\\Mac\Home\Documents\game\game\game\Graphics.cpp(313,3): error C2102: '&' requires l-value
\\Mac\Home\Documents\game\game\game\Graphics.cpp(322,50): warning C4244: 'argument': conversion from 'LONG' to 'FLOAT', possible loss of data
\\Mac\Home\Documents\game\game\game\Graphics.cpp(322,34): warning C4244: 'argument': conversion from 'LONG' to 'FLOAT', possible loss of data
\\Mac\Home\Documents\game\game\game\Graphics.cpp(382,26): warning C4244: 'argument': conversion from 'int' to 'FLOAT', possible loss of data
\\Mac\Home\Documents\game\game\game\Graphics.cpp(382,23): warning C4244: 'argument': conversion from 'int' to 'FLOAT', possible loss of data
\\Mac\Home\Documents\game\game\game\Graphics.cpp(387,19): warning C4244: 'argument': conversion from 'int' to 'FLOAT', possible loss of data
\\Mac\Home\Documents\game\game\game\Graphics.cpp(387,16): warning C4244: 'argument': conversion from 'int' to 'FLOAT', possible loss of data
\\Mac\Home\Documents\game\game\game\Graphics.cpp(390,34): warning C4244: 'argument': conversion from 'int' to 'FLOAT', possible loss of data
\\Mac\Home\Documents\game\game\game\Graphics.cpp(390,18): warning C4244: 'argument': conversion from 'int' to 'FLOAT', possible loss of data
\\Mac\Home\Documents\game\game\game\Graphics.cpp(390,3): error C2102: '&' requires l-value
\\Mac\Home\Documents\game\game\game\Graphics.cpp(389,3): error C2102: '&' requires l-value
\\Mac\Home\Documents\game\game\game\Graphics.cpp(387,3): error C2102: '&' requires l-value
\\Mac\Home\Documents\game\game\game\Graphics.cpp(405,20): warning C4018: '<': signed/unsigned mismatch
\\Mac\Home\Documents\game\game\game\Graphics.cpp(407,12): warning C4244: 'initializing': conversion from 'float' to 'int', possible loss of data
\\Mac\Home\Documents\game\game\game\Graphics.cpp(416,52): warning C4244: 'argument': conversion from 'float' to 'int', possible loss of data
\\Mac\Home\Documents\game\game\game\Graphics.cpp(416,40): warning C4244: 'argument': conversion from 'float' to 'int', possible loss of data
  KeyBoard.cpp
  Map.cpp
\\Mac\Home\Documents\game\game\game\Camera.h(91,43): warning C4244: 'argument': conversion from 'int' to 'T', possible loss of data
          with
          [
              T=float
          ]
\\Mac\Home\Documents\game\game\game\Camera.h(91,30): warning C4244: 'argument': conversion from 'int' to 'T', possible loss of data
          with
          [
              T=float
          ]
\\Mac\Home\Documents\game\game\game\Sprite.h(52,21): warning C4018: '<': signed/unsigned mismatch
\\Mac\Home\Documents\game\game\game\Sprite.h(60,21): warning C4018: '<': signed/unsigned mismatch
\\Mac\Home\Documents\game\game\game\QuadTree.h(193,21): warning C4018: '<': signed/unsigned mismatch
\\Mac\Home\Documents\game\game\game\QuadTree.h(321,21): warning C4018: '<': signed/unsigned mismatch
\\Mac\Home\Documents\game\game\game\QuadTree.h(447,21): warning C4018: '<': signed/unsigned mismatch
\\Mac\Home\Documents\game\game\game\Map.h(13,10): fatal  error C1083: Cannot open include file: 'EnermyCreator.h': No such file or directory
  ObjectData.cpp
\\Mac\Home\Documents\game\game\game\Camera.h(91,43): warning C4244: 'argument': conversion from 'int' to 'T', possible loss of data
          with
          [
              T=float
          ]
\\Mac\Home\Documents\game\game\game\Camera.h(91,30): warning C4244: 'argument': conversion from 'int' to 'T', possible loss of data
          with
          [
              T=float
          ]
  ObjectSprite.cpp
\\Mac\Home\Documents\game\game\game\Camera.h(91,43): warning C4244: 'argument': conversion from 'int' to 'T', possible loss of data
          with
          [
              T=float
          ]
\\Mac\Home\Documents\game\game\game\Camera.h(91,30): warning C4244: 'argument': conversion from 'int' to 'T', possible loss of data
          with
          [
              T=float
          ]
\\Mac\Home\Documents\game\game\game\Sprite.h(52,21): warning C4018: '<': signed/unsigned mismatch
\\Mac\Home\Documents\game\game\game\Sprite.h(60,21): warning C4018: '<': signed/unsigned mismatch
\\Mac\Home\Documents\game\game\game\ObjectSprite.h(58,68): warning C4244: 'argument': conversion from 'float' to 'int', possible loss of data
\\Mac\Home\Documents\game\game\game\ObjectSprite.h(58,58): warning C4244: 'argument': conversion from 'float' to 'int', possible loss of data
\\Mac\Home\Documents\game\game\game\ObjectSprite.h(60,73): warning C4244: 'argument': conversion from 'float' to 'int', possible loss of data
\\Mac\Home\Documents\game\game\game\ObjectSprite.h(60,63): warning C4244: 'argument': conversion from 'float' to 'int', possible loss of data
  ObjectState.cpp
\\Mac\Home\Documents\game\game\game\Camera.h(91,43): warning C4244: 'argument': conversion from 'int' to 'T', possible loss of data
          with
          [
              T=float
          ]
\\Mac\Home\Documents\game\game\game\Camera.h(91,30): warning C4244: 'argument': conversion from 'int' to 'T', possible loss of data
          with
          [
              T=float
          ]
  PlayerSprite.cpp
  PlayScene.cpp
  SceneManager.cpp
\\Mac\Home\Documents\game\game\game\Camera.h(91,43): warning C4244: 'argument': conversion from 'int' to 'T', possible loss of data
          with
          [
              T=float
          ]
\\Mac\Home\Documents\game\game\game\Camera.h(91,30): warning C4244: 'argument': conversion from 'int' to 'T', possible loss of data
          with
          [
              T=float
          ]
\\Mac\Home\Documents\game\game\game\QuadTree.h(193,21): warning C4018: '<': signed/unsigned mismatch
\\Mac\Home\Documents\game\game\game\QuadTree.h(321,21): warning C4018: '<': signed/unsigned mismatch
\\Mac\Home\Documents\game\game\game\QuadTree.h(447,21): warning C4018: '<': signed/unsigned mismatch
\\Mac\Home\Documents\game\game\game\Sprite.h(52,21): warning C4018: '<': signed/unsigned mismatch
\\Mac\Home\Documents\game\game\game\Sprite.h(60,21): warning C4018: '<': signed/unsigned mismatch
\\Mac\Home\Documents\game\game\game\Map.h(13,10): fatal  error C1083: Cannot open include file: 'EnermyCreator.h': No such file or directory
  Sound.cpp
\\Mac\Home\Documents\game\game\game\Sound.cpp(173,18): warning C4244: 'initializing': conversion from 'float' to 'long', possible loss of data
\\Mac\Home\Documents\game\game\game\Sound.cpp(230,16): warning C4244: 'initializing': conversion from 'float' to 'long', possible loss of data
\\Mac\Home\Documents\game\game\game\Sound.cpp(242,16): warning C4244: 'initializing': conversion from 'float' to 'long', possible loss of data
  Sprite.cpp
  Texture.cpp
\\Mac\Home\Documents\game\game\game\Camera.h(91,43): warning C4244: 'argument': conversion from 'int' to 'T', possible loss of data
          with
          [
              T=float
          ]
\\Mac\Home\Documents\game\game\game\Camera.h(91,30): warning C4244: 'argument': conversion from 'int' to 'T', possible loss of data
          with
          [
              T=float
          ]
\\Mac\Home\Documents\game\game\game\Texture.cpp(29,225): warning C4244: 'argument': conversion from 'float' to 'int', possible loss of data
\\Mac\Home\Documents\game\game\game\Texture.cpp(29,174): warning C4244: 'argument': conversion from 'float' to 'int', possible loss of data
\\Mac\Home\Documents\game\game\game\Texture.cpp(35,230): warning C4244: 'argument': conversion from 'float' to 'int', possible loss of data
\\Mac\Home\Documents\game\game\game\Texture.cpp(35,179): warning C4244: 'argument': conversion from 'float' to 'int', possible loss of data
\\Mac\Home\Documents\game\game\game\Texture.cpp(78,76): warning C4244: 'argument': conversion from 'int' to 'T', possible loss of data
          with
          [
              T=float
          ]
\\Mac\Home\Documents\game\game\game\Texture.cpp(78,53): warning C4244: 'argument': conversion from 'int' to 'T', possible loss of data
          with
          [
              T=float
          ]
  TextureArray.cpp
\\Mac\Home\Documents\game\game\game\Camera.h(91,43): warning C4244: 'argument': conversion from 'int' to 'T', possible loss of data
          with
          [
              T=float
          ]
\\Mac\Home\Documents\game\game\game\Camera.h(91,30): warning C4244: 'argument': conversion from 'int' to 'T', possible loss of data
          with
          [
              T=float
          ]
\\Mac\Home\Documents\game\game\game\TextureArray.cpp(17,20): warning C4018: '<': signed/unsigned mismatch
\\Mac\Home\Documents\game\game\game\TextureArray.cpp(27,20): warning C4018: '<': signed/unsigned mismatch
\\Mac\Home\Documents\game\game\game\TextureArray.cpp(57,20): warning C4018: '<': signed/unsigned mismatch
  TileLayer.cpp
\\Mac\Home\Documents\game\game\game\Camera.h(91,43): warning C4244: 'argument': conversion from 'int' to 'T', possible loss of data
          with
          [
              T=float
          ]
\\Mac\Home\Documents\game\game\game\Camera.h(91,30): warning C4244: 'argument': conversion from 'int' to 'T', possible loss of data
          with
          [
              T=float
          ]
\\Mac\Home\Documents\game\game\game\Sprite.h(52,21): warning C4018: '<': signed/unsigned mismatch
\\Mac\Home\Documents\game\game\game\Sprite.h(60,21): warning C4018: '<': signed/unsigned mismatch
\\Mac\Home\Documents\game\game\game\TileLayer.cpp(12,11): warning C4244: 'return': conversion from 'float' to 'int', possible loss of data
\\Mac\Home\Documents\game\game\game\TileLayer.cpp(16,9): warning C4244: 'initializing': conversion from 'float' to 'int', possible loss of data
\\Mac\Home\Documents\game\game\game\TileLayer.cpp(23,11): warning C4244: 'return': conversion from 'float' to 'int', possible loss of data
\\Mac\Home\Documents\game\game\game\TileLayer.cpp(28,9): warning C4244: 'initializing': conversion from 'float' to 'int', possible loss of data
\\Mac\Home\Documents\game\game\game\TileLayer.cpp(78,70): warning C4244: 'argument': conversion from 'int' to 'float', possible loss of data
\\Mac\Home\Documents\game\game\game\TileLayer.cpp(78,54): warning C4244: 'argument': conversion from 'int' to 'float', possible loss of data
\\Mac\Home\Documents\game\game\game\TileLayer.cpp(84,20): warning C4018: '<': signed/unsigned mismatch
  TileTmx.cpp
\\Mac\Home\Documents\game\game\game\Camera.h(91,43): warning C4244: 'argument': conversion from 'int' to 'T', possible loss of data
          with
          [
              T=float
          ]
\\Mac\Home\Documents\game\game\game\Camera.h(91,30): warning C4244: 'argument': conversion from 'int' to 'T', possible loss of data
          with
          [
              T=float
          ]
\\Mac\Home\Documents\game\game\game\TileTmx.cpp(5,3): warning C4244: 'initializing': conversion from 'float' to 'int', possible loss of data
\\Mac\Home\Documents\game\game\game\TileTmx.cpp(6,3): warning C4244: 'initializing': conversion from 'float' to 'int', possible loss of data
\\Mac\Home\Documents\game\game\game\TileTmx.cpp(19,115): warning C4244: 'argument': conversion from 'float' to 'int', possible loss of data
\\Mac\Home\Documents\game\game\game\TileTmx.cpp(19,89): warning C4244: 'argument': conversion from 'float' to 'int', possible loss of data
  tinystr.cpp
  tinyxml.cpp
  Generating Code...
\\Mac\Home\Documents\game\game\game\TileLayer.cpp(91): warning C4715: 'TileLayer::getTileSet': not all control paths return a value
  Compiling...
  tinyxmlerror.cpp
  tinyxmlparser.cpp
  UIComponents.cpp
\\Mac\Home\Documents\game\game\game\UIComponents.cpp(103,20): warning C4018: '<': signed/unsigned mismatch
\\Mac\Home\Documents\game\game\game\UIComponents.cpp(114,21): warning C4018: '<': signed/unsigned mismatch
\\Mac\Home\Documents\game\game\game\UIComponents.cpp(111,29): error C4996: 'localtime': This function or variable may be unsafe. Consider using localtime_s instead. To disable deprecation, use _CRT_SECURE_NO_WARNINGS. See online help for details.
\\Mac\Home\Documents\game\game\game\UIComponents.cpp(183,2): error C4996: 'memccpy': The POSIX name for this item is deprecated. Instead, use the ISO C and C++ conformant name: _memccpy. See online help for details.
\\Mac\Home\Documents\game\game\game\UIComponents.cpp(226,15): error C4996: 'fopen': This function or variable may be unsafe. Consider using fopen_s instead. To disable deprecation, use _CRT_SECURE_NO_WARNINGS. See online help for details.
\\Mac\Home\Documents\game\game\game\UIComponents.cpp(241,4): error C4996: 'fscanf': This function or variable may be unsafe. Consider using fscanf_s instead. To disable deprecation, use _CRT_SECURE_NO_WARNINGS. See online help for details.
\\Mac\Home\Documents\game\game\game\UIComponents.cpp(272,15): error C4996: 'fopen': This function or variable may be unsafe. Consider using fopen_s instead. To disable deprecation, use _CRT_SECURE_NO_WARNINGS. See online help for details.
  ViewPort.cpp
  WindowInit.cpp
\\Mac\Home\Documents\game\game\game\Camera.h(91,43): warning C4244: 'argument': conversion from 'int' to 'T', possible loss of data
          with
          [
              T=float
          ]
\\Mac\Home\Documents\game\game\game\Camera.h(91,30): warning C4244: 'argument': conversion from 'int' to 'T', possible loss of data
          with
          [
              T=float
          ]
\\Mac\Home\Documents\game\game\game\QuadTree.h(193,21): warning C4018: '<': signed/unsigned mismatch
\\Mac\Home\Documents\game\game\game\QuadTree.h(321,21): warning C4018: '<': signed/unsigned mismatch
\\Mac\Home\Documents\game\game\game\QuadTree.h(447,21): warning C4018: '<': signed/unsigned mismatch
\\Mac\Home\Documents\game\game\game\Sprite.h(52,21): warning C4018: '<': signed/unsigned mismatch
\\Mac\Home\Documents\game\game\game\Sprite.h(60,21): warning C4018: '<': signed/unsigned mismatch
\\Mac\Home\Documents\game\game\game\Map.h(13,10): fatal  error C1083: Cannot open include file: 'EnermyCreator.h': No such file or directory
  Generating Code...
