  base64.cpp
\\Mac\Home\Documents\game\game\game\base64.cpp(58,37): warning C4267: 'initializing': conversion from 'size_t' to 'int', possible loss of data
\\Mac\Home\Documents\game\game\game\base64.cpp(69,61): warning C4267: '=': conversion from 'size_t' to 'unsigned char', possible loss of data
\\Mac\Home\Documents\game\game\game\base64.cpp(86,59): warning C4267: '=': conversion from 'size_t' to 'unsigned char', possible loss of data
  BitMapFont.cpp
  Game.cpp
\\Mac\Home\Documents\game\game\game\PlayScene.h(3,10): fatal  error C1083: Cannot open include file: 'PlayerSprite.h': No such file or directory
  Graphics.cpp
\\Mac\Home\Documents\game\game\game\Graphics.h(3,10): fatal  error C1083: Cannot open include file: 'D3dx9tex.h': No such file or directory
  KeyBoard.cpp
  Map.cpp
\\Mac\Home\Documents\game\game\game\Map.h(4,10): fatal  error C1083: Cannot open include file: 'TileLayer.h': No such file or directory
  ObjectData.cpp
\\Mac\Home\Documents\game\game\game\Graphics.h(3,10): fatal  error C1083: Cannot open include file: 'D3dx9tex.h': No such file or directory
  ObjectSprite.cpp
\\Mac\Home\Documents\game\game\game\Graphics.h(3,10): fatal  error C1083: Cannot open include file: 'D3dx9tex.h': No such file or directory
  ObjectState.cpp
\\Mac\Home\Documents\game\game\game\ObjectState.h(2,10): fatal  error C1083: Cannot open include file: 'SpriteState.h': No such file or directory
  PlayScene.cpp
  SceneManager.cpp
\\Mac\Home\Documents\game\game\game\PlayScene.h(3,10): fatal  error C1083: Cannot open include file: 'PlayerSprite.h': No such file or directory
  Sound.cpp
\\Mac\Home\Documents\game\game\game\Sound.cpp(173,18): warning C4244: 'initializing': conversion from 'float' to 'long', possible loss of data
\\Mac\Home\Documents\game\game\game\Sound.cpp(230,16): warning C4244: 'initializing': conversion from 'float' to 'long', possible loss of data
\\Mac\Home\Documents\game\game\game\Sound.cpp(242,16): warning C4244: 'initializing': conversion from 'float' to 'long', possible loss of data
  Sprite.cpp
  Texture.cpp
\\Mac\Home\Documents\game\game\game\Graphics.h(3,10): fatal  error C1083: Cannot open include file: 'D3dx9tex.h': No such file or directory
  TextureArray.cpp
\\Mac\Home\Documents\game\game\game\Graphics.h(3,10): fatal  error C1083: Cannot open include file: 'D3dx9tex.h': No such file or directory
  tinystr.cpp
  tinyxml.cpp
  tinyxmlerror.cpp
  tinyxmlparser.cpp
  ViewPort.cpp
\\Mac\Home\Documents\game\game\game\Graphics.h(3,10): fatal  error C1083: Cannot open include file: 'D3dx9tex.h': No such file or directory
  Generating Code...
  Compiling...
  WindowInit.cpp
\\Mac\Home\Documents\game\game\game\PlayScene.h(3,10): fatal  error C1083: Cannot open include file: 'PlayerSprite.h': No such file or directory
  Generating Code...
